              :-) GROMACS - gmx mdrun, 2021.4-Ubuntu-2021.4-2 (-:

                            GROMACS is written by:
     Andrey Alekseenko              Emile Apol              Rossen Apostolov     
         Paul Bauer           Herman J.C. Berendsen           Par Bjelkmar       
       Christian Blau           Viacheslav Bolnykh             Kevin Boyd        
     Aldert van Buuren           Rudi van Drunen             Anton Feenstra      
    Gilles Gouaillardet             Alan Gray               Gerrit Groenhof      
       Anca Hamuraru            Vincent Hindriksen          M. Eric Irrgang      
      Aleksei Iupinov           Christoph Junghans             Joe Jordan        
    Dimitrios Karkoulis            Peter Kasson                Jiri Kraus        
      Carsten Kutzner              Per Larsson              Justin A. Lemkul     
       Viveca Lindahl            Magnus Lundborg             Erik Marklund       
        Pascal Merz             Pieter Meulenhoff            Teemu Murtola       
        Szilard Pall               Sander Pronk              Roland Schulz       
       Michael Shirts            Alexey Shvetsov             Alfons Sijbers      
       Peter Tieleman              Jon Vincent              Teemu Virolainen     
     Christian Wennberg            Maarten Wolf              Artem Zhmurov       
                           and the project leaders:
        Mark Abraham, Berk Hess, Erik Lindahl, and David van der Spoel

Copyright (c) 1991-2000, University of Groningen, The Netherlands.
Copyright (c) 2001-2019, The GROMACS development team at
Uppsala University, Stockholm University and
the Royal Institute of Technology, Sweden.
check out http://www.gromacs.org for more information.

GROMACS is free software; you can redistribute it and/or modify it
under the terms of the GNU Lesser General Public License
as published by the Free Software Foundation; either version 2.1
of the License, or (at your option) any later version.

GROMACS:      gmx mdrun, version 2021.4-Ubuntu-2021.4-2
Executable:   /usr/bin/gmx
Data prefix:  /usr
Working dir:  /home/dcf-04/norestraintesting
Process ID:   2360267
Command line:
  gmx mdrun -v -deffnm npt

GROMACS version:    2021.4-Ubuntu-2021.4-2
Precision:          mixed
Memory model:       64 bit
MPI library:        thread_mpi
OpenMP support:     enabled (GMX_OPENMP_MAX_THREADS = 64)
GPU support:        disabled
SIMD instructions:  SSE4.1
FFT library:        fftw-3.3.8-sse2-avx
RDTSCP usage:       enabled
TNG support:        enabled
Hwloc support:      hwloc-2.5.0
Tracing support:    disabled
C compiler:         /usr/bin/cc GNU 11.2.0
C compiler flags:   -msse4.1 -Wno-missing-field-initializers -fexcess-precision=fast -funroll-all-loops -O3 -DNDEBUG
C++ compiler:       /usr/bin/c++ GNU 11.2.0
C++ compiler flags: -msse4.1 -Wno-missing-field-initializers -fexcess-precision=fast -funroll-all-loops -fopenmp -O3 -DNDEBUG


Running on 1 node with total 8 cores, 16 logical cores
Hardware detected:
  CPU info:
    Vendor: Intel
    Brand:  Intel(R) Core(TM) i7-10700 CPU @ 2.90GHz
    Family: 6   Model: 165   Stepping: 5
    Features: aes apic avx avx2 clfsh cmov cx8 cx16 f16c fma htt intel lahf mmx msr nonstop_tsc pcid pclmuldq pdcm pdpe1gb popcnt pse rdrnd rdtscp sse2 sse3 sse4.1 sse4.2 ssse3 tdt x2apic
  Hardware topology: Full, with devices
    Sockets, cores, and logical processors:
      Socket  0: [   0   8] [   1   9] [   2  10] [   3  11] [   4  12] [   5  13] [   6  14] [   7  15]
    Numa nodes:
      Node  0 (16592445440 bytes mem):   0   8   1   9   2  10   3  11   4  12   5  13   6  14   7  15
      Latency:
               0
         0  1.00
    Caches:
      L1: 32768 bytes, linesize 64 bytes, assoc. 8, shared 2 ways
      L2: 262144 bytes, linesize 64 bytes, assoc. 4, shared 2 ways
      L3: 16777216 bytes, linesize 64 bytes, assoc. 16, shared 16 ways
    PCI devices:
      0000:00:02.0  Id: 8086:9bc5  Class: 0x0300  Numa: 0
      0000:00:17.0  Id: 8086:43d2  Class: 0x0106  Numa: 0
      0000:01:00.0  Id: 10ec:8168  Class: 0x0200  Numa: 0

Highest SIMD level supported by all nodes in run: AVX2_256
SIMD instructions selected at compile time:       SSE4.1
This program was compiled for different hardware than you are running on,
which could influence performance.

++++ PLEASE READ AND CITE THE FOLLOWING REFERENCE ++++
M. J. Abraham, T. Murtola, R. Schulz, S. Páll, J. C. Smith, B. Hess, E.
Lindahl
GROMACS: High performance molecular simulations through multi-level
parallelism from laptops to supercomputers
SoftwareX 1 (2015) pp. 19-25
-------- -------- --- Thank You --- -------- --------


++++ PLEASE READ AND CITE THE FOLLOWING REFERENCE ++++
S. Páll, M. J. Abraham, C. Kutzner, B. Hess, E. Lindahl
Tackling Exascale Software Challenges in Molecular Dynamics Simulations with
GROMACS
In S. Markidis & E. Laure (Eds.), Solving Software Challenges for Exascale 8759 (2015) pp. 3-27
-------- -------- --- Thank You --- -------- --------


++++ PLEASE READ AND CITE THE FOLLOWING REFERENCE ++++
S. Pronk, S. Páll, R. Schulz, P. Larsson, P. Bjelkmar, R. Apostolov, M. R.
Shirts, J. C. Smith, P. M. Kasson, D. van der Spoel, B. Hess, and E. Lindahl
GROMACS 4.5: a high-throughput and highly parallel open source molecular
simulation toolkit
Bioinformatics 29 (2013) pp. 845-54
-------- -------- --- Thank You --- -------- --------


++++ PLEASE READ AND CITE THE FOLLOWING REFERENCE ++++
B. Hess and C. Kutzner and D. van der Spoel and E. Lindahl
GROMACS 4: Algorithms for highly efficient, load-balanced, and scalable
molecular simulation
J. Chem. Theory Comput. 4 (2008) pp. 435-447
-------- -------- --- Thank You --- -------- --------


++++ PLEASE READ AND CITE THE FOLLOWING REFERENCE ++++
D. van der Spoel, E. Lindahl, B. Hess, G. Groenhof, A. E. Mark and H. J. C.
Berendsen
GROMACS: Fast, Flexible and Free
J. Comp. Chem. 26 (2005) pp. 1701-1719
-------- -------- --- Thank You --- -------- --------


++++ PLEASE READ AND CITE THE FOLLOWING REFERENCE ++++
E. Lindahl and B. Hess and D. van der Spoel
GROMACS 3.0: A package for molecular simulation and trajectory analysis
J. Mol. Mod. 7 (2001) pp. 306-317
-------- -------- --- Thank You --- -------- --------


++++ PLEASE READ AND CITE THE FOLLOWING REFERENCE ++++
H. J. C. Berendsen, D. van der Spoel and R. van Drunen
GROMACS: A message-passing parallel molecular dynamics implementation
Comp. Phys. Comm. 91 (1995) pp. 43-56
-------- -------- --- Thank You --- -------- --------

Input Parameters:
   integrator                     = md
   tinit                          = 0
   dt                             = 0.002
   nsteps                         = 50000
   init-step                      = 0
   simulation-part                = 1
   mts                            = false
   comm-mode                      = Linear
   nstcomm                        = 100
   bd-fric                        = 0
   ld-seed                        = 1677590525
   emtol                          = 10
   emstep                         = 0.01
   niter                          = 20
   fcstep                         = 0
   nstcgsteep                     = 1000
   nbfgscorr                      = 10
   rtpi                           = 0.05
   nstxout                        = 0
   nstvout                        = 0
   nstfout                        = 0
   nstlog                         = 500
   nstcalcenergy                  = 100
   nstenergy                      = 500
   nstxout-compressed             = 500
   compressed-x-precision         = 1000
   cutoff-scheme                  = Verlet
   nstlist                        = 20
   pbc                            = xyz
   periodic-molecules             = false
   verlet-buffer-tolerance        = 0.005
   rlist                          = 1.221
   coulombtype                    = PME
   coulomb-modifier               = Potential-shift
   rcoulomb-switch                = 0
   rcoulomb                       = 1.2
   epsilon-r                      = 1
   epsilon-rf                     = inf
   vdw-type                       = Cut-off
   vdw-modifier                   = Force-switch
   rvdw-switch                    = 1
   rvdw                           = 1.2
   DispCorr                       = No
   table-extension                = 1
   fourierspacing                 = 0.16
   fourier-nx                     = 64
   fourier-ny                     = 64
   fourier-nz                     = 64
   pme-order                      = 4
   ewald-rtol                     = 1e-05
   ewald-rtol-lj                  = 0.001
   lj-pme-comb-rule               = Geometric
   ewald-geometry                 = 0
   epsilon-surface                = 0
   tcoupl                         = V-rescale
   nsttcouple                     = 10
   nh-chain-length                = 0
   print-nose-hoover-chain-variables = false
   pcoupl                         = Berendsen
   pcoupltype                     = Isotropic
   nstpcouple                     = 10
   tau-p                          = 2
   compressibility (3x3):
      compressibility[    0]={ 4.50000e-05,  0.00000e+00,  0.00000e+00}
      compressibility[    1]={ 0.00000e+00,  4.50000e-05,  0.00000e+00}
      compressibility[    2]={ 0.00000e+00,  0.00000e+00,  4.50000e-05}
   ref-p (3x3):
      ref-p[    0]={ 1.00000e+00,  0.00000e+00,  0.00000e+00}
      ref-p[    1]={ 0.00000e+00,  1.00000e+00,  0.00000e+00}
      ref-p[    2]={ 0.00000e+00,  0.00000e+00,  1.00000e+00}
   refcoord-scaling               = COM
   posres-com (3):
      posres-com[0]= 0.00000e+00
      posres-com[1]= 0.00000e+00
      posres-com[2]= 0.00000e+00
   posres-comB (3):
      posres-comB[0]= 0.00000e+00
      posres-comB[1]= 0.00000e+00
      posres-comB[2]= 0.00000e+00
   QMMM                           = false
qm-opts:
   ngQM                           = 0
   constraint-algorithm           = Lincs
   continuation                   = true
   Shake-SOR                      = false
   shake-tol                      = 0.0001
   lincs-order                    = 4
   lincs-iter                     = 1
   lincs-warnangle                = 30
   nwall                          = 0
   wall-type                      = 9-3
   wall-r-linpot                  = -1
   wall-atomtype[0]               = -1
   wall-atomtype[1]               = -1
   wall-density[0]                = 0
   wall-density[1]                = 0
   wall-ewald-zfac                = 3
   pull                           = false
   awh                            = false
   rotation                       = false
   interactiveMD                  = false
   disre                          = No
   disre-weighting                = Conservative
   disre-mixed                    = false
   dr-fc                          = 1000
   dr-tau                         = 0
   nstdisreout                    = 100
   orire-fc                       = 0
   orire-tau                      = 0
   nstorireout                    = 100
   free-energy                    = no
   cos-acceleration               = 0
   deform (3x3):
      deform[    0]={ 0.00000e+00,  0.00000e+00,  0.00000e+00}
      deform[    1]={ 0.00000e+00,  0.00000e+00,  0.00000e+00}
      deform[    2]={ 0.00000e+00,  0.00000e+00,  0.00000e+00}
   simulated-tempering            = false
   swapcoords                     = no
   userint1                       = 0
   userint2                       = 0
   userint3                       = 0
   userint4                       = 0
   userreal1                      = 0
   userreal2                      = 0
   userreal3                      = 0
   userreal4                      = 0
   applied-forces:
     electric-field:
       x:
         E0                       = 0
         omega                    = 0
         t0                       = 0
         sigma                    = 0
       y:
         E0                       = 0
         omega                    = 0
         t0                       = 0
         sigma                    = 0
       z:
         E0                       = 0
         omega                    = 0
         t0                       = 0
         sigma                    = 0
     density-guided-simulation:
       active                     = false
       group                      = protein
       similarity-measure         = inner-product
       atom-spreading-weight      = unity
       force-constant             = 1e+09
       gaussian-transform-spreading-width = 0.2
       gaussian-transform-spreading-range-in-multiples-of-width = 4
       reference-density-filename = reference.mrc
       nst                        = 1
       normalize-densities        = true
       adaptive-force-scaling     = false
       adaptive-force-scaling-time-constant = 4
       shift-vector               = 
       transformation-matrix      = 
grpopts:
   nrdf:     11938.7      115287
   ref-t:         300         300
   tau-t:         0.1         0.1
annealing:          No          No
annealing-npoints:           0           0
   acc:	           0           0           0
   nfreeze:           N           N           N
   energygrp-flags[  0]: 0

Changing nstlist from 20 to 80, rlist from 1.221 to 1.318

Using 1 MPI thread
Using 16 OpenMP threads 

Pinning threads with an auto-selected logical core stride of 1
System total charge: 0.000
Will do PME sum in reciprocal space for electrostatic interactions.

++++ PLEASE READ AND CITE THE FOLLOWING REFERENCE ++++
U. Essmann, L. Perera, M. L. Berkowitz, T. Darden, H. Lee and L. G. Pedersen 
A smooth particle mesh Ewald method
J. Chem. Phys. 103 (1995) pp. 8577-8592
-------- -------- --- Thank You --- -------- --------

Using a Gaussian width (1/beta) of 0.384195 nm for Ewald
Potential shift: LJ r^-12: -2.648e-01 r^-6: -5.349e-01, Ewald -8.333e-06
Initialized non-bonded Ewald tables, spacing: 1.02e-03 size: 1176

Generated table with 1159 data points for 1-4 COUL.
Tabscale = 500 points/nm
Generated table with 1159 data points for 1-4 LJ6.
Tabscale = 500 points/nm
Generated table with 1159 data points for 1-4 LJ12.
Tabscale = 500 points/nm


Using SIMD 4x4 nonbonded short-range kernels

Using a dual 4x4 pair-list setup updated with dynamic pruning:
  outer list: updated every 80 steps, buffer 0.118 nm, rlist 1.318 nm
  inner list: updated every 13 steps, buffer 0.001 nm, rlist 1.201 nm
At tolerance 0.005 kJ/mol/ps per atom, equivalent classical 1x1 list would be:
  outer list: updated every 80 steps, buffer 0.262 nm, rlist 1.462 nm
  inner list: updated every 13 steps, buffer 0.051 nm, rlist 1.251 nm

Initializing LINear Constraint Solver

++++ PLEASE READ AND CITE THE FOLLOWING REFERENCE ++++
B. Hess and H. Bekker and H. J. C. Berendsen and J. G. E. M. Fraaije
LINCS: A Linear Constraint Solver for molecular simulations
J. Comp. Chem. 18 (1997) pp. 1463-1472
-------- -------- --- Thank You --- -------- --------

The number of constraints is 2356

++++ PLEASE READ AND CITE THE FOLLOWING REFERENCE ++++
S. Miyamoto and P. A. Kollman
SETTLE: An Analytical Version of the SHAKE and RATTLE Algorithms for Rigid
Water Models
J. Comp. Chem. 13 (1992) pp. 952-962
-------- -------- --- Thank You --- -------- --------


++++ PLEASE READ AND CITE THE FOLLOWING REFERENCE ++++
G. Bussi, D. Donadio and M. Parrinello
Canonical sampling through velocity rescaling
J. Chem. Phys. 126 (2007) pp. 014101
-------- -------- --- Thank You --- -------- --------

There are: 62408 Atoms
Center of mass motion removal mode is Linear
We have the following groups for center of mass motion removal:
  0:  rest

Started mdrun on rank 0 Sat Apr 22 13:58:23 2023

           Step           Time
              0        0.00000

   Energies (kJ/mol)
           Bond          Angle            U-B    Proper Dih.  Improper Dih.
    3.82214e+03    2.13805e+02    1.04733e+04    6.87055e+03    6.31867e+02
      CMAP Dih.          LJ-14     Coulomb-14        LJ (SR)   Coulomb (SR)
   -1.64065e+03    3.57415e+03    5.72081e+04    1.06694e+05   -9.79527e+05
   Coul. recip.      Potential    Kinetic En.   Total Energy  Conserved En.
    2.82348e+03   -7.88856e+05    1.57955e+05   -6.30901e+05   -6.30890e+05
    Temperature Pressure (bar)   Constr. rmsd
    2.98644e+02   -2.17270e+02    3.49683e-06

           Step           Time
            500        1.00000

   Energies (kJ/mol)
           Bond          Angle            U-B    Proper Dih.  Improper Dih.
    3.83681e+03    2.22191e+02    1.02158e+04    6.85183e+03    6.01945e+02
      CMAP Dih.          LJ-14     Coulomb-14        LJ (SR)   Coulomb (SR)
   -1.61544e+03    3.57281e+03    5.73814e+04    1.09568e+05   -9.82811e+05
   Coul. recip.      Potential    Kinetic En.   Total Energy  Conserved En.
    2.87511e+03   -7.89300e+05    1.58491e+05   -6.30810e+05   -6.30906e+05
    Temperature Pressure (bar)   Constr. rmsd
    2.99656e+02    7.81720e+01    3.29470e-06

           Step           Time
           1000        2.00000

   Energies (kJ/mol)
           Bond          Angle            U-B    Proper Dih.  Improper Dih.
    3.71488e+03    2.04092e+02    1.00548e+04    7.04561e+03    6.03412e+02
      CMAP Dih.          LJ-14     Coulomb-14        LJ (SR)   Coulomb (SR)
   -1.66147e+03    3.60656e+03    5.71927e+04    1.09232e+05   -9.83292e+05
   Coul. recip.      Potential    Kinetic En.   Total Energy  Conserved En.
    2.83275e+03   -7.90466e+05    1.58989e+05   -6.31477e+05   -6.30920e+05
    Temperature Pressure (bar)   Constr. rmsd
    3.00599e+02    2.73310e+01    3.72478e-06

           Step           Time
           1500        3.00000

   Energies (kJ/mol)
           Bond          Angle            U-B    Proper Dih.  Improper Dih.
    4.01109e+03    2.15402e+02    1.05059e+04    6.83546e+03    6.51777e+02
      CMAP Dih.          LJ-14     Coulomb-14        LJ (SR)   Coulomb (SR)
   -1.66663e+03    3.58069e+03    5.73431e+04    1.09995e+05   -9.83314e+05
   Coul. recip.      Potential    Kinetic En.   Total Energy  Conserved En.
    2.92725e+03   -7.88915e+05    1.59415e+05   -6.29501e+05   -6.30877e+05
    Temperature Pressure (bar)   Constr. rmsd
    3.01404e+02    1.05650e+02    3.85695e-06

           Step           Time
           2000        4.00000

   Energies (kJ/mol)
           Bond          Angle            U-B    Proper Dih.  Improper Dih.
    3.83300e+03    2.02954e+02    1.04821e+04    6.91881e+03    6.64902e+02
      CMAP Dih.          LJ-14     Coulomb-14        LJ (SR)   Coulomb (SR)
   -1.64282e+03    3.54147e+03    5.72547e+04    1.08375e+05   -9.81935e+05
   Coul. recip.      Potential    Kinetic En.   Total Energy  Conserved En.
    2.95117e+03   -7.89353e+05    1.59320e+05   -6.30033e+05   -6.30858e+05
    Temperature Pressure (bar)   Constr. rmsd
    3.01225e+02   -1.83280e+02    3.71127e-06

           Step           Time
           2500        5.00000

   Energies (kJ/mol)
           Bond          Angle            U-B    Proper Dih.  Improper Dih.
    3.76104e+03    2.07363e+02    1.07212e+04    6.93777e+03    7.17318e+02
      CMAP Dih.          LJ-14     Coulomb-14        LJ (SR)   Coulomb (SR)
   -1.67973e+03    3.59584e+03    5.67115e+04    1.08584e+05   -9.80845e+05
   Coul. recip.      Potential    Kinetic En.   Total Energy  Conserved En.
    2.90414e+03   -7.88385e+05    1.58062e+05   -6.30323e+05   -6.30844e+05
    Temperature Pressure (bar)   Constr. rmsd
    2.98846e+02   -1.81822e+01    3.53758e-06

           Step           Time
           3000        6.00000

   Energies (kJ/mol)
           Bond          Angle            U-B    Proper Dih.  Improper Dih.
    3.71555e+03    2.13449e+02    1.03192e+04    6.95733e+03    6.70636e+02
      CMAP Dih.          LJ-14     Coulomb-14        LJ (SR)   Coulomb (SR)
   -1.67523e+03    3.60697e+03    5.71949e+04    1.09915e+05   -9.83172e+05
   Coul. recip.      Potential    Kinetic En.   Total Energy  Conserved En.
    2.91146e+03   -7.89342e+05    1.58708e+05   -6.30634e+05   -6.30865e+05
    Temperature Pressure (bar)   Constr. rmsd
    3.00068e+02    1.12599e+02    3.62112e-06

           Step           Time
           3500        7.00000

   Energies (kJ/mol)
           Bond          Angle            U-B    Proper Dih.  Improper Dih.
    3.88518e+03    2.38017e+02    1.05388e+04    6.75006e+03    5.83264e+02
      CMAP Dih.          LJ-14     Coulomb-14        LJ (SR)   Coulomb (SR)
   -1.66508e+03    3.52020e+03    5.72155e+04    1.09162e+05   -9.82565e+05
   Coul. recip.      Potential    Kinetic En.   Total Energy  Conserved En.
    2.90531e+03   -7.89432e+05    1.58156e+05   -6.31275e+05   -6.30814e+05
    Temperature Pressure (bar)   Constr. rmsd
    2.99024e+02    1.40370e+01    3.43441e-06

           Step           Time
           4000        8.00000

   Energies (kJ/mol)
           Bond          Angle            U-B    Proper Dih.  Improper Dih.
    3.83342e+03    2.32204e+02    1.04680e+04    6.90191e+03    6.94817e+02
      CMAP Dih.          LJ-14     Coulomb-14        LJ (SR)   Coulomb (SR)
   -1.71948e+03    3.50064e+03    5.70547e+04    1.08386e+05   -9.81312e+05
   Coul. recip.      Potential    Kinetic En.   Total Energy  Conserved En.
    2.92001e+03   -7.89040e+05    1.57750e+05   -6.31290e+05   -6.30821e+05
    Temperature Pressure (bar)   Constr. rmsd
    2.98257e+02   -1.52673e+02    3.53170e-06

           Step           Time
           4500        9.00000

   Energies (kJ/mol)
           Bond          Angle            U-B    Proper Dih.  Improper Dih.
    3.85050e+03    2.25104e+02    1.02980e+04    6.89815e+03    6.71083e+02
      CMAP Dih.          LJ-14     Coulomb-14        LJ (SR)   Coulomb (SR)
   -1.60874e+03    3.53730e+03    5.73275e+04    1.08142e+05   -9.80785e+05
   Coul. recip.      Potential    Kinetic En.   Total Energy  Conserved En.
    2.89339e+03   -7.88550e+05    1.59214e+05   -6.29337e+05   -6.30806e+05
    Temperature Pressure (bar)   Constr. rmsd
    3.01023e+02   -1.04348e+02    3.51434e-06

           Step           Time
           5000       10.00000

   Energies (kJ/mol)
           Bond          Angle            U-B    Proper Dih.  Improper Dih.
    3.93390e+03    2.48850e+02    1.04271e+04    6.94188e+03    6.62122e+02
      CMAP Dih.          LJ-14     Coulomb-14        LJ (SR)   Coulomb (SR)
   -1.67928e+03    3.52546e+03    5.70973e+04    1.08830e+05   -9.83363e+05
   Coul. recip.      Potential    Kinetic En.   Total Energy  Conserved En.
    2.95439e+03   -7.90421e+05    1.57325e+05   -6.33096e+05   -6.30778e+05
    Temperature Pressure (bar)   Constr. rmsd
    2.97453e+02   -8.48441e+01    3.44308e-06

           Step           Time
           5500       11.00000

   Energies (kJ/mol)
           Bond          Angle            U-B    Proper Dih.  Improper Dih.
    3.87704e+03    2.10210e+02    1.05752e+04    6.98345e+03    6.93412e+02
      CMAP Dih.          LJ-14     Coulomb-14        LJ (SR)   Coulomb (SR)
   -1.63417e+03    3.55055e+03    5.72356e+04    1.09831e+05   -9.81908e+05
   Coul. recip.      Potential    Kinetic En.   Total Energy  Conserved En.
    2.87329e+03   -7.87712e+05    1.57935e+05   -6.29777e+05   -6.30749e+05
    Temperature Pressure (bar)   Constr. rmsd
    2.98606e+02    1.32120e+02    3.51774e-06

           Step           Time
           6000       12.00000

   Energies (kJ/mol)
           Bond          Angle            U-B    Proper Dih.  Improper Dih.
    3.67200e+03    2.13308e+02    1.03950e+04    6.93650e+03    6.84312e+02
      CMAP Dih.          LJ-14     Coulomb-14        LJ (SR)   Coulomb (SR)
   -1.70199e+03    3.65712e+03    5.74732e+04    1.09011e+05   -9.82528e+05
   Coul. recip.      Potential    Kinetic En.   Total Energy  Conserved En.
    3.01035e+03   -7.89178e+05    1.58384e+05   -6.30794e+05   -6.30748e+05
    Temperature Pressure (bar)   Constr. rmsd
    2.99455e+02    6.44035e+01    3.45782e-06

           Step           Time
           6500       13.00000

   Energies (kJ/mol)
           Bond          Angle            U-B    Proper Dih.  Improper Dih.
    3.74992e+03    1.71889e+02    1.02671e+04    6.76136e+03    6.33537e+02
      CMAP Dih.          LJ-14     Coulomb-14        LJ (SR)   Coulomb (SR)
   -1.74171e+03    3.70547e+03    5.72997e+04    1.09216e+05   -9.83078e+05
   Coul. recip.      Potential    Kinetic En.   Total Energy  Conserved En.
    3.00279e+03   -7.90012e+05    1.58484e+05   -6.31528e+05   -6.30768e+05
    Temperature Pressure (bar)   Constr. rmsd
    2.99643e+02    1.09161e+02    3.46677e-06

           Step           Time
           7000       14.00000

   Energies (kJ/mol)
           Bond          Angle            U-B    Proper Dih.  Improper Dih.
    3.78563e+03    1.87430e+02    1.06005e+04    6.84244e+03    6.36518e+02
      CMAP Dih.          LJ-14     Coulomb-14        LJ (SR)   Coulomb (SR)
   -1.66834e+03    3.59503e+03    5.71395e+04    1.08710e+05   -9.81938e+05
   Coul. recip.      Potential    Kinetic En.   Total Energy  Conserved En.
    2.96726e+03   -7.89142e+05    1.58463e+05   -6.30679e+05   -6.30718e+05
    Temperature Pressure (bar)   Constr. rmsd
    2.99605e+02    3.66563e+00    3.41174e-06

           Step           Time
           7500       15.00000

   Energies (kJ/mol)
           Bond          Angle            U-B    Proper Dih.  Improper Dih.
    3.80651e+03    1.94150e+02    1.04075e+04    6.91170e+03    6.10764e+02
      CMAP Dih.          LJ-14     Coulomb-14        LJ (SR)   Coulomb (SR)
   -1.67066e+03    3.60423e+03    5.71499e+04    1.07200e+05   -9.80132e+05
   Coul. recip.      Potential    Kinetic En.   Total Energy  Conserved En.
    2.97512e+03   -7.88944e+05    1.59133e+05   -6.29811e+05   -6.30697e+05
    Temperature Pressure (bar)   Constr. rmsd
    3.00870e+02   -1.23555e+02    3.36186e-06

           Step           Time
           8000       16.00000

   Energies (kJ/mol)
           Bond          Angle            U-B    Proper Dih.  Improper Dih.
    3.93739e+03    2.09062e+02    1.02435e+04    6.81235e+03    6.74696e+02
      CMAP Dih.          LJ-14     Coulomb-14        LJ (SR)   Coulomb (SR)
   -1.76830e+03    3.55262e+03    5.75697e+04    1.09547e+05   -9.84059e+05
   Coul. recip.      Potential    Kinetic En.   Total Energy  Conserved En.
    2.84886e+03   -7.90432e+05    1.58549e+05   -6.31883e+05   -6.30721e+05
    Temperature Pressure (bar)   Constr. rmsd
    2.99767e+02   -5.09715e+01    3.41661e-06

           Step           Time
           8500       17.00000

   Energies (kJ/mol)
           Bond          Angle            U-B    Proper Dih.  Improper Dih.
    3.95704e+03    2.13063e+02    1.04014e+04    7.03001e+03    6.59516e+02
      CMAP Dih.          LJ-14     Coulomb-14        LJ (SR)   Coulomb (SR)
   -1.69398e+03    3.51564e+03    5.71586e+04    1.08951e+05   -9.81233e+05
   Coul. recip.      Potential    Kinetic En.   Total Energy  Conserved En.
    2.94828e+03   -7.88092e+05    1.58734e+05   -6.29359e+05   -6.30698e+05
    Temperature Pressure (bar)   Constr. rmsd
    3.00116e+02   -7.80062e+01    3.58699e-06

           Step           Time
           9000       18.00000

   Energies (kJ/mol)
           Bond          Angle            U-B    Proper Dih.  Improper Dih.
    4.00248e+03    1.76073e+02    1.08220e+04    6.86394e+03    6.67161e+02
      CMAP Dih.          LJ-14     Coulomb-14        LJ (SR)   Coulomb (SR)
   -1.66007e+03    3.51906e+03    5.70264e+04    1.08516e+05   -9.81075e+05
   Coul. recip.      Potential    Kinetic En.   Total Energy  Conserved En.
    3.12110e+03   -7.88021e+05    1.58823e+05   -6.29198e+05   -6.30670e+05
    Temperature Pressure (bar)   Constr. rmsd
    3.00284e+02    6.49228e+00    3.63589e-06

           Step           Time
           9500       19.00000

   Energies (kJ/mol)
           Bond          Angle            U-B    Proper Dih.  Improper Dih.
    3.94978e+03    1.90245e+02    1.05452e+04    6.71699e+03    6.39099e+02
      CMAP Dih.          LJ-14     Coulomb-14        LJ (SR)   Coulomb (SR)
   -1.66708e+03    3.51811e+03    5.72266e+04    1.10020e+05   -9.82194e+05
   Coul. recip.      Potential    Kinetic En.   Total Energy  Conserved En.
    2.92691e+03   -7.88128e+05    1.58527e+05   -6.29602e+05   -6.30664e+05
    Temperature Pressure (bar)   Constr. rmsd
    2.99724e+02    8.66714e+01    3.45039e-06

           Step           Time
          10000       20.00000

   Energies (kJ/mol)
           Bond          Angle            U-B    Proper Dih.  Improper Dih.
    3.78591e+03    2.20532e+02    1.07497e+04    6.78447e+03    6.33667e+02
      CMAP Dih.          LJ-14     Coulomb-14        LJ (SR)   Coulomb (SR)
   -1.71490e+03    3.58573e+03    5.71911e+04    1.08048e+05   -9.80106e+05
   Coul. recip.      Potential    Kinetic En.   Total Energy  Conserved En.
    2.92487e+03   -7.87897e+05    1.58542e+05   -6.29355e+05   -6.30631e+05
    Temperature Pressure (bar)   Constr. rmsd
    2.99753e+02   -6.80240e+01    3.45692e-06

           Step           Time
          10500       21.00000

   Energies (kJ/mol)
           Bond          Angle            U-B    Proper Dih.  Improper Dih.
    3.74483e+03    2.08492e+02    1.06494e+04    6.70375e+03    6.20027e+02
      CMAP Dih.          LJ-14     Coulomb-14        LJ (SR)   Coulomb (SR)
   -1.58713e+03    3.60072e+03    5.72275e+04    1.07646e+05   -9.80040e+05
   Coul. recip.      Potential    Kinetic En.   Total Energy  Conserved En.
    3.01762e+03   -7.88210e+05    1.58569e+05   -6.29641e+05   -6.30668e+05
    Temperature Pressure (bar)   Constr. rmsd
    2.99804e+02    1.42072e+01    3.52035e-06

           Step           Time
          11000       22.00000

   Energies (kJ/mol)
           Bond          Angle            U-B    Proper Dih.  Improper Dih.
    3.69653e+03    1.68580e+02    1.05053e+04    6.72990e+03    6.49489e+02
      CMAP Dih.          LJ-14     Coulomb-14        LJ (SR)   Coulomb (SR)
   -1.68612e+03    3.59387e+03    5.73226e+04    1.10680e+05   -9.84458e+05
   Coul. recip.      Potential    Kinetic En.   Total Energy  Conserved En.
    2.88031e+03   -7.89918e+05    1.58747e+05   -6.31171e+05   -6.30647e+05
    Temperature Pressure (bar)   Constr. rmsd
    3.00140e+02    1.87341e+02    3.67771e-06

           Step           Time
          11500       23.00000

   Energies (kJ/mol)
           Bond          Angle            U-B    Proper Dih.  Improper Dih.
    3.98327e+03    1.93866e+02    1.04426e+04    6.86097e+03    6.53290e+02
      CMAP Dih.          LJ-14     Coulomb-14        LJ (SR)   Coulomb (SR)
   -1.67081e+03    3.60641e+03    5.74637e+04    1.10030e+05   -9.83641e+05
   Coul. recip.      Potential    Kinetic En.   Total Energy  Conserved En.
    2.94279e+03   -7.89135e+05    1.59497e+05   -6.29639e+05   -6.30624e+05
    Temperature Pressure (bar)   Constr. rmsd
    3.01559e+02    1.48482e+02    3.69652e-06

           Step           Time
          12000       24.00000

   Energies (kJ/mol)
           Bond          Angle            U-B    Proper Dih.  Improper Dih.
    3.84501e+03    2.48019e+02    1.04832e+04    6.85967e+03    6.33860e+02
      CMAP Dih.          LJ-14     Coulomb-14        LJ (SR)   Coulomb (SR)
   -1.66799e+03    3.58104e+03    5.71963e+04    1.11854e+05   -9.85455e+05
   Coul. recip.      Potential    Kinetic En.   Total Energy  Conserved En.
    2.86181e+03   -7.89560e+05    1.58032e+05   -6.31528e+05   -6.30609e+05
    Temperature Pressure (bar)   Constr. rmsd
    2.98789e+02    1.22973e+02    3.63402e-06

           Step           Time
          12500       25.00000

   Energies (kJ/mol)
           Bond          Angle            U-B    Proper Dih.  Improper Dih.
    4.23745e+03    2.24563e+02    1.03377e+04    6.88774e+03    6.14620e+02
      CMAP Dih.          LJ-14     Coulomb-14        LJ (SR)   Coulomb (SR)
   -1.64354e+03    3.55992e+03    5.74003e+04    1.08676e+05   -9.80773e+05
   Coul. recip.      Potential    Kinetic En.   Total Energy  Conserved En.
    2.95831e+03   -7.87520e+05    1.60640e+05   -6.26880e+05   -6.30608e+05
    Temperature Pressure (bar)   Constr. rmsd
    3.03720e+02   -1.23729e+02    3.87632e-06

           Step           Time
          13000       26.00000

   Energies (kJ/mol)
           Bond          Angle            U-B    Proper Dih.  Improper Dih.
    3.89100e+03    1.83934e+02    1.06028e+04    6.83537e+03    6.46428e+02
      CMAP Dih.          LJ-14     Coulomb-14        LJ (SR)   Coulomb (SR)
   -1.62592e+03    3.47610e+03    5.72706e+04    1.09207e+05   -9.82041e+05
   Coul. recip.      Potential    Kinetic En.   Total Energy  Conserved En.
    2.97144e+03   -7.88582e+05    1.58302e+05   -6.30280e+05   -6.30585e+05
    Temperature Pressure (bar)   Constr. rmsd
    2.99300e+02   -1.57819e+01    3.29833e-06

           Step           Time
          13500       27.00000

   Energies (kJ/mol)
           Bond          Angle            U-B    Proper Dih.  Improper Dih.
    3.87559e+03    2.07956e+02    1.05120e+04    6.76313e+03    6.76041e+02
      CMAP Dih.          LJ-14     Coulomb-14        LJ (SR)   Coulomb (SR)
   -1.67461e+03    3.61549e+03    5.72329e+04    1.09417e+05   -9.83684e+05
   Coul. recip.      Potential    Kinetic En.   Total Energy  Conserved En.
    2.89782e+03   -7.90161e+05    1.60488e+05   -6.29673e+05   -6.30574e+05
    Temperature Pressure (bar)   Constr. rmsd
    3.03433e+02   -2.54167e+01    3.45086e-06

           Step           Time
          14000       28.00000

   Energies (kJ/mol)
           Bond          Angle            U-B    Proper Dih.  Improper Dih.
    4.10066e+03    1.86728e+02    1.06057e+04    6.81076e+03    6.21748e+02
      CMAP Dih.          LJ-14     Coulomb-14        LJ (SR)   Coulomb (SR)
   -1.65914e+03    3.53415e+03    5.70241e+04    1.09399e+05   -9.83037e+05
   Coul. recip.      Potential    Kinetic En.   Total Energy  Conserved En.
    2.86573e+03   -7.89548e+05    1.59686e+05   -6.29861e+05   -6.30559e+05
    Temperature Pressure (bar)   Constr. rmsd
    3.01917e+02   -8.81563e+00    3.31960e-06

           Step           Time
          14500       29.00000

   Energies (kJ/mol)
           Bond          Angle            U-B    Proper Dih.  Improper Dih.
    3.81811e+03    2.14476e+02    1.06638e+04    6.94904e+03    6.67402e+02
      CMAP Dih.          LJ-14     Coulomb-14        LJ (SR)   Coulomb (SR)
   -1.72618e+03    3.56031e+03    5.70428e+04    1.09766e+05   -9.81799e+05
   Coul. recip.      Potential    Kinetic En.   Total Energy  Conserved En.
    2.96651e+03   -7.87877e+05    1.58403e+05   -6.29474e+05   -6.30539e+05
    Temperature Pressure (bar)   Constr. rmsd
    2.99490e+02    1.05851e+02    3.68370e-06

           Step           Time
          15000       30.00000

   Energies (kJ/mol)
           Bond          Angle            U-B    Proper Dih.  Improper Dih.
    3.74677e+03    2.30186e+02    1.07325e+04    6.81844e+03    7.05382e+02
      CMAP Dih.          LJ-14     Coulomb-14        LJ (SR)   Coulomb (SR)
   -1.72600e+03    3.61641e+03    5.69711e+04    1.09195e+05   -9.81662e+05
   Coul. recip.      Potential    Kinetic En.   Total Energy  Conserved En.
    3.02383e+03   -7.88348e+05    1.58388e+05   -6.29960e+05   -6.30534e+05
    Temperature Pressure (bar)   Constr. rmsd
    2.99462e+02    2.93819e+01    3.59097e-06

           Step           Time
          15500       31.00000

   Energies (kJ/mol)
           Bond          Angle            U-B    Proper Dih.  Improper Dih.
    3.98989e+03    2.02929e+02    1.03701e+04    6.93520e+03    6.32661e+02
      CMAP Dih.          LJ-14     Coulomb-14        LJ (SR)   Coulomb (SR)
   -1.57181e+03    3.51401e+03    5.72446e+04    1.08457e+05   -9.80649e+05
   Coul. recip.      Potential    Kinetic En.   Total Energy  Conserved En.
    3.06228e+03   -7.87813e+05    1.58046e+05   -6.29767e+05   -6.30500e+05
    Temperature Pressure (bar)   Constr. rmsd
    2.98816e+02   -1.92893e+02    3.44084e-06

           Step           Time
          16000       32.00000

   Energies (kJ/mol)
           Bond          Angle            U-B    Proper Dih.  Improper Dih.
    3.88372e+03    1.85239e+02    1.05798e+04    6.85071e+03    6.73410e+02
      CMAP Dih.          LJ-14     Coulomb-14        LJ (SR)   Coulomb (SR)
   -1.70392e+03    3.59040e+03    5.68861e+04    1.09115e+05   -9.80791e+05
   Coul. recip.      Potential    Kinetic En.   Total Energy  Conserved En.
    3.01002e+03   -7.87720e+05    1.59545e+05   -6.28175e+05   -6.30532e+05
    Temperature Pressure (bar)   Constr. rmsd
    3.01651e+02    4.24318e+01    3.45677e-06

           Step           Time
          16500       33.00000

   Energies (kJ/mol)
           Bond          Angle            U-B    Proper Dih.  Improper Dih.
    3.87402e+03    1.64642e+02    1.03326e+04    6.79600e+03    6.06757e+02
      CMAP Dih.          LJ-14     Coulomb-14        LJ (SR)   Coulomb (SR)
   -1.71313e+03    3.61265e+03    5.70316e+04    1.09373e+05   -9.82512e+05
   Coul. recip.      Potential    Kinetic En.   Total Energy  Conserved En.
    2.90938e+03   -7.89524e+05    1.59184e+05   -6.30340e+05   -6.30527e+05
    Temperature Pressure (bar)   Constr. rmsd
    3.00967e+02    2.71409e+01    3.60688e-06

           Step           Time
          17000       34.00000

   Energies (kJ/mol)
           Bond          Angle            U-B    Proper Dih.  Improper Dih.
    3.98575e+03    1.82140e+02    1.05540e+04    6.87768e+03    6.21858e+02
      CMAP Dih.          LJ-14     Coulomb-14        LJ (SR)   Coulomb (SR)
   -1.62937e+03    3.59778e+03    5.72108e+04    1.08745e+05   -9.80792e+05
   Coul. recip.      Potential    Kinetic En.   Total Energy  Conserved En.
    2.98110e+03   -7.87665e+05    1.60063e+05   -6.27602e+05   -6.30486e+05
    Temperature Pressure (bar)   Constr. rmsd
    3.02629e+02    1.05965e+01    3.44641e-06

           Step           Time
          17500       35.00000

   Energies (kJ/mol)
           Bond          Angle            U-B    Proper Dih.  Improper Dih.
    3.67590e+03    2.15199e+02    1.05476e+04    6.76474e+03    6.61832e+02
      CMAP Dih.          LJ-14     Coulomb-14        LJ (SR)   Coulomb (SR)
   -1.72669e+03    3.66128e+03    5.73421e+04    1.08789e+05   -9.83946e+05
   Coul. recip.      Potential    Kinetic En.   Total Energy  Conserved En.
    2.96769e+03   -7.91048e+05    1.58015e+05   -6.33032e+05   -6.30473e+05
    Temperature Pressure (bar)   Constr. rmsd
    2.98758e+02   -4.24037e+01    3.62861e-06

           Step           Time
          18000       36.00000

   Energies (kJ/mol)
           Bond          Angle            U-B    Proper Dih.  Improper Dih.
    3.92140e+03    1.91934e+02    1.05006e+04    6.84906e+03    6.36983e+02
      CMAP Dih.          LJ-14     Coulomb-14        LJ (SR)   Coulomb (SR)
   -1.67009e+03    3.66285e+03    5.72841e+04    1.09235e+05   -9.82163e+05
   Coul. recip.      Potential    Kinetic En.   Total Energy  Conserved En.
    2.95428e+03   -7.88597e+05    1.59480e+05   -6.29117e+05   -6.30449e+05
    Temperature Pressure (bar)   Constr. rmsd
    3.01527e+02    5.18261e+01    3.69266e-06

           Step           Time
          18500       37.00000

   Energies (kJ/mol)
           Bond          Angle            U-B    Proper Dih.  Improper Dih.
    3.86034e+03    1.79646e+02    1.05378e+04    6.84355e+03    7.14144e+02
      CMAP Dih.          LJ-14     Coulomb-14        LJ (SR)   Coulomb (SR)
   -1.67056e+03    3.54434e+03    5.72965e+04    1.09713e+05   -9.84793e+05
   Coul. recip.      Potential    Kinetic En.   Total Energy  Conserved En.
    2.97194e+03   -7.90803e+05    1.58915e+05   -6.31888e+05   -6.30455e+05
    Temperature Pressure (bar)   Constr. rmsd
    3.00458e+02   -5.05546e+01    3.53385e-06

           Step           Time
          19000       38.00000

   Energies (kJ/mol)
           Bond          Angle            U-B    Proper Dih.  Improper Dih.
    3.77244e+03    2.22024e+02    1.05031e+04    6.76352e+03    6.72820e+02
      CMAP Dih.          LJ-14     Coulomb-14        LJ (SR)   Coulomb (SR)
   -1.64712e+03    3.59495e+03    5.72964e+04    1.07896e+05   -9.80630e+05
   Coul. recip.      Potential    Kinetic En.   Total Energy  Conserved En.
    2.96306e+03   -7.88593e+05    1.59181e+05   -6.29412e+05   -6.30460e+05
    Temperature Pressure (bar)   Constr. rmsd
    3.00962e+02   -8.55555e+01    3.55680e-06

           Step           Time
          19500       39.00000

   Energies (kJ/mol)
           Bond          Angle            U-B    Proper Dih.  Improper Dih.
    4.03172e+03    2.23681e+02    1.05881e+04    6.88594e+03    6.74923e+02
      CMAP Dih.          LJ-14     Coulomb-14        LJ (SR)   Coulomb (SR)
   -1.68657e+03    3.57018e+03    5.70286e+04    1.08580e+05   -9.81425e+05
   Coul. recip.      Potential    Kinetic En.   Total Energy  Conserved En.
    2.82517e+03   -7.88704e+05    1.59302e+05   -6.29402e+05   -6.30437e+05
    Temperature Pressure (bar)   Constr. rmsd
    3.01190e+02   -1.04071e+02    3.38487e-06

           Step           Time
          20000       40.00000

   Energies (kJ/mol)
           Bond          Angle            U-B    Proper Dih.  Improper Dih.
    3.80177e+03    2.39618e+02    1.05036e+04    6.95808e+03    6.61676e+02
      CMAP Dih.          LJ-14     Coulomb-14        LJ (SR)   Coulomb (SR)
   -1.57210e+03    3.52727e+03    5.71284e+04    1.09575e+05   -9.82279e+05
   Coul. recip.      Potential    Kinetic En.   Total Energy  Conserved En.
    2.89905e+03   -7.88556e+05    1.60124e+05   -6.28432e+05   -6.30441e+05
    Temperature Pressure (bar)   Constr. rmsd
    3.02745e+02   -2.66432e+01    3.68333e-06

           Step           Time
          20500       41.00000

   Energies (kJ/mol)
           Bond          Angle            U-B    Proper Dih.  Improper Dih.
    3.83056e+03    2.12303e+02    1.03440e+04    6.79909e+03    6.34926e+02
      CMAP Dih.          LJ-14     Coulomb-14        LJ (SR)   Coulomb (SR)
   -1.65349e+03    3.67176e+03    5.71969e+04    1.10582e+05   -9.83570e+05
   Coul. recip.      Potential    Kinetic En.   Total Energy  Conserved En.
    2.90411e+03   -7.89048e+05    1.58062e+05   -6.30985e+05   -6.30423e+05
    Temperature Pressure (bar)   Constr. rmsd
    2.98847e+02    1.73359e+02    3.49155e-06

           Step           Time
          21000       42.00000

   Energies (kJ/mol)
           Bond          Angle            U-B    Proper Dih.  Improper Dih.
    3.78339e+03    1.94535e+02    1.01846e+04    6.91226e+03    6.67162e+02
      CMAP Dih.          LJ-14     Coulomb-14        LJ (SR)   Coulomb (SR)
   -1.60187e+03    3.57216e+03    5.71942e+04    1.08004e+05   -9.81271e+05
   Coul. recip.      Potential    Kinetic En.   Total Energy  Conserved En.
    2.94125e+03   -7.89420e+05    1.58498e+05   -6.30922e+05   -6.30404e+05
    Temperature Pressure (bar)   Constr. rmsd
    2.99670e+02   -9.76148e+01    3.54340e-06

           Step           Time
          21500       43.00000

   Energies (kJ/mol)
           Bond          Angle            U-B    Proper Dih.  Improper Dih.
    3.87952e+03    1.92930e+02    1.06705e+04    6.84710e+03    7.15868e+02
      CMAP Dih.          LJ-14     Coulomb-14        LJ (SR)   Coulomb (SR)
   -1.63532e+03    3.55236e+03    5.67020e+04    1.10432e+05   -9.84119e+05
   Coul. recip.      Potential    Kinetic En.   Total Energy  Conserved En.
    2.97483e+03   -7.89788e+05    1.58579e+05   -6.31209e+05   -6.30396e+05
    Temperature Pressure (bar)   Constr. rmsd
    2.99823e+02    1.48130e+02    3.49598e-06

           Step           Time
          22000       44.00000

   Energies (kJ/mol)
           Bond          Angle            U-B    Proper Dih.  Improper Dih.
    4.03858e+03    2.08576e+02    1.04697e+04    6.89101e+03    6.23858e+02
      CMAP Dih.          LJ-14     Coulomb-14        LJ (SR)   Coulomb (SR)
   -1.69369e+03    3.43448e+03    5.67783e+04    1.10499e+05   -9.84285e+05
   Coul. recip.      Potential    Kinetic En.   Total Energy  Conserved En.
    3.02460e+03   -7.90011e+05    1.59366e+05   -6.30645e+05   -6.30360e+05
    Temperature Pressure (bar)   Constr. rmsd
    3.01311e+02   -7.15709e+01    3.42414e-06

           Step           Time
          22500       45.00000

   Energies (kJ/mol)
           Bond          Angle            U-B    Proper Dih.  Improper Dih.
    3.95412e+03    2.24572e+02    1.07000e+04    6.94920e+03    6.81142e+02
      CMAP Dih.          LJ-14     Coulomb-14        LJ (SR)   Coulomb (SR)
   -1.68637e+03    3.51235e+03    5.68223e+04    1.09501e+05   -9.82337e+05
   Coul. recip.      Potential    Kinetic En.   Total Energy  Conserved En.
    3.04418e+03   -7.88635e+05    1.58986e+05   -6.29648e+05   -6.30339e+05
    Temperature Pressure (bar)   Constr. rmsd
    3.00593e+02   -9.17571e+01    3.39427e-06

           Step           Time
          23000       46.00000

   Energies (kJ/mol)
           Bond          Angle            U-B    Proper Dih.  Improper Dih.
    3.84194e+03    2.22381e+02    1.04233e+04    6.77150e+03    6.42646e+02
      CMAP Dih.          LJ-14     Coulomb-14        LJ (SR)   Coulomb (SR)
   -1.62491e+03    3.47040e+03    5.72413e+04    1.08518e+05   -9.80393e+05
   Coul. recip.      Potential    Kinetic En.   Total Energy  Conserved En.
    2.97712e+03   -7.87909e+05    1.57990e+05   -6.29919e+05   -6.30330e+05
    Temperature Pressure (bar)   Constr. rmsd
    2.98710e+02   -9.64166e+01    3.56875e-06

           Step           Time
          23500       47.00000

   Energies (kJ/mol)
           Bond          Angle            U-B    Proper Dih.  Improper Dih.
    3.66986e+03    2.01889e+02    1.05832e+04    6.87525e+03    6.69894e+02
      CMAP Dih.          LJ-14     Coulomb-14        LJ (SR)   Coulomb (SR)
   -1.66305e+03    3.62841e+03    5.71100e+04    1.08447e+05   -9.81122e+05
   Coul. recip.      Potential    Kinetic En.   Total Energy  Conserved En.
    2.99473e+03   -7.88605e+05    1.58721e+05   -6.29884e+05   -6.30345e+05
    Temperature Pressure (bar)   Constr. rmsd
    3.00091e+02    6.71048e+01    3.42914e-06

           Step           Time
          24000       48.00000

   Energies (kJ/mol)
           Bond          Angle            U-B    Proper Dih.  Improper Dih.
    3.96989e+03    2.41290e+02    1.05858e+04    6.71440e+03    6.36113e+02
      CMAP Dih.          LJ-14     Coulomb-14        LJ (SR)   Coulomb (SR)
   -1.61240e+03    3.53902e+03    5.69546e+04    1.07527e+05   -9.79491e+05
   Coul. recip.      Potential    Kinetic En.   Total Energy  Conserved En.
    2.95624e+03   -7.87980e+05    1.59347e+05   -6.28632e+05   -6.30327e+05
    Temperature Pressure (bar)   Constr. rmsd
    3.01276e+02   -1.01905e+02    3.39551e-06

           Step           Time
          24500       49.00000

   Energies (kJ/mol)
           Bond          Angle            U-B    Proper Dih.  Improper Dih.
    3.83088e+03    2.28425e+02    1.05608e+04    6.92186e+03    6.22696e+02
      CMAP Dih.          LJ-14     Coulomb-14        LJ (SR)   Coulomb (SR)
   -1.63361e+03    3.59214e+03    5.73601e+04    1.08609e+05   -9.80545e+05
   Coul. recip.      Potential    Kinetic En.   Total Energy  Conserved En.
    2.97716e+03   -7.87476e+05    1.59207e+05   -6.28269e+05   -6.30281e+05
    Temperature Pressure (bar)   Constr. rmsd
    3.01010e+02   -8.54606e+01    3.41300e-06

           Step           Time
          25000       50.00000

   Energies (kJ/mol)
           Bond          Angle            U-B    Proper Dih.  Improper Dih.
    3.99337e+03    2.10422e+02    1.06252e+04    6.83467e+03    6.21131e+02
      CMAP Dih.          LJ-14     Coulomb-14        LJ (SR)   Coulomb (SR)
   -1.71855e+03    3.48408e+03    5.73078e+04    1.08794e+05   -9.81883e+05
   Coul. recip.      Potential    Kinetic En.   Total Energy  Conserved En.
    2.94166e+03   -7.88790e+05    1.58854e+05   -6.29936e+05   -6.30281e+05
    Temperature Pressure (bar)   Constr. rmsd
    3.00343e+02   -7.97081e+01    3.40057e-06

           Step           Time
          25500       51.00000

   Energies (kJ/mol)
           Bond          Angle            U-B    Proper Dih.  Improper Dih.
    4.11367e+03    1.97836e+02    1.04444e+04    6.84918e+03    6.13433e+02
      CMAP Dih.          LJ-14     Coulomb-14        LJ (SR)   Coulomb (SR)
   -1.71672e+03    3.67879e+03    5.72295e+04    1.08778e+05   -9.81274e+05
   Coul. recip.      Potential    Kinetic En.   Total Energy  Conserved En.
    2.87347e+03   -7.88213e+05    1.58798e+05   -6.29415e+05   -6.30276e+05
    Temperature Pressure (bar)   Constr. rmsd
    3.00237e+02    5.45952e+01    3.52211e-06

           Step           Time
          26000       52.00000

   Energies (kJ/mol)
           Bond          Angle            U-B    Proper Dih.  Improper Dih.
    3.85838e+03    1.97208e+02    1.01499e+04    6.76398e+03    7.31227e+02
      CMAP Dih.          LJ-14     Coulomb-14        LJ (SR)   Coulomb (SR)
   -1.60532e+03    3.54600e+03    5.74119e+04    1.09430e+05   -9.82826e+05
   Coul. recip.      Potential    Kinetic En.   Total Energy  Conserved En.
    2.94952e+03   -7.89393e+05    1.58546e+05   -6.30847e+05   -6.30284e+05
    Temperature Pressure (bar)   Constr. rmsd
    2.99761e+02    6.10323e+01    3.53690e-06

           Step           Time
          26500       53.00000

   Energies (kJ/mol)
           Bond          Angle            U-B    Proper Dih.  Improper Dih.
    3.94731e+03    1.70583e+02    1.03675e+04    6.81752e+03    6.24556e+02
      CMAP Dih.          LJ-14     Coulomb-14        LJ (SR)   Coulomb (SR)
   -1.61589e+03    3.60070e+03    5.69834e+04    1.08740e+05   -9.81691e+05
   Coul. recip.      Potential    Kinetic En.   Total Energy  Conserved En.
    2.97436e+03   -7.89082e+05    1.58879e+05   -6.30203e+05   -6.30268e+05
    Temperature Pressure (bar)   Constr. rmsd
    3.00390e+02    1.31546e+01    3.48508e-06

           Step           Time
          27000       54.00000

   Energies (kJ/mol)
           Bond          Angle            U-B    Proper Dih.  Improper Dih.
    4.00434e+03    2.27894e+02    1.06372e+04    6.88282e+03    6.19816e+02
      CMAP Dih.          LJ-14     Coulomb-14        LJ (SR)   Coulomb (SR)
   -1.60984e+03    3.52823e+03    5.69069e+04    1.09165e+05   -9.82806e+05
   Coul. recip.      Potential    Kinetic En.   Total Energy  Conserved En.
    2.98368e+03   -7.89459e+05    1.59338e+05   -6.30121e+05   -6.30241e+05
    Temperature Pressure (bar)   Constr. rmsd
    3.01259e+02   -4.31936e+01    3.56942e-06

           Step           Time
          27500       55.00000

   Energies (kJ/mol)
           Bond          Angle            U-B    Proper Dih.  Improper Dih.
    3.73918e+03    1.91421e+02    1.03944e+04    6.73779e+03    6.44526e+02
      CMAP Dih.          LJ-14     Coulomb-14        LJ (SR)   Coulomb (SR)
   -1.65519e+03    3.56492e+03    5.73949e+04    1.08644e+05   -9.81764e+05
   Coul. recip.      Potential    Kinetic En.   Total Energy  Conserved En.
    2.79908e+03   -7.89310e+05    1.57435e+05   -6.31875e+05   -6.30239e+05
    Temperature Pressure (bar)   Constr. rmsd
    2.97660e+02   -4.25224e+01    3.53285e-06

           Step           Time
          28000       56.00000

   Energies (kJ/mol)
           Bond          Angle            U-B    Proper Dih.  Improper Dih.
    3.74137e+03    2.25534e+02    1.03725e+04    6.87343e+03    6.23613e+02
      CMAP Dih.          LJ-14     Coulomb-14        LJ (SR)   Coulomb (SR)
   -1.69497e+03    3.56380e+03    5.74342e+04    1.09682e+05   -9.82782e+05
   Coul. recip.      Potential    Kinetic En.   Total Energy  Conserved En.
    2.88858e+03   -7.89072e+05    1.58709e+05   -6.30363e+05   -6.30241e+05
    Temperature Pressure (bar)   Constr. rmsd
    3.00070e+02    6.93936e+01    3.41503e-06

           Step           Time
          28500       57.00000

   Energies (kJ/mol)
           Bond          Angle            U-B    Proper Dih.  Improper Dih.
    3.88985e+03    2.06186e+02    1.04921e+04    6.95867e+03    6.57529e+02
      CMAP Dih.          LJ-14     Coulomb-14        LJ (SR)   Coulomb (SR)
   -1.64048e+03    3.57259e+03    5.75028e+04    1.08172e+05   -9.80676e+05
   Coul. recip.      Potential    Kinetic En.   Total Energy  Conserved En.
    2.92471e+03   -7.87940e+05    1.59202e+05   -6.28738e+05   -6.30208e+05
    Temperature Pressure (bar)   Constr. rmsd
    3.01002e+02   -5.66351e+01    3.79222e-06

           Step           Time
          29000       58.00000

   Energies (kJ/mol)
           Bond          Angle            U-B    Proper Dih.  Improper Dih.
    3.80889e+03    2.45678e+02    1.06659e+04    6.78311e+03    6.54212e+02
      CMAP Dih.          LJ-14     Coulomb-14        LJ (SR)   Coulomb (SR)
   -1.70195e+03    3.57374e+03    5.73856e+04    1.10859e+05   -9.85368e+05
   Coul. recip.      Potential    Kinetic En.   Total Energy  Conserved En.
    2.95359e+03   -7.90140e+05    1.58829e+05   -6.31312e+05   -6.30202e+05
    Temperature Pressure (bar)   Constr. rmsd
    3.00295e+02    5.03594e+01    3.70349e-06

           Step           Time
          29500       59.00000

   Energies (kJ/mol)
           Bond          Angle            U-B    Proper Dih.  Improper Dih.
    4.02478e+03    2.09548e+02    1.03291e+04    6.88806e+03    6.55157e+02
      CMAP Dih.          LJ-14     Coulomb-14        LJ (SR)   Coulomb (SR)
   -1.70098e+03    3.54250e+03    5.71822e+04    1.08909e+05   -9.79674e+05
   Coul. recip.      Potential    Kinetic En.   Total Energy  Conserved En.
    3.02844e+03   -7.86606e+05    1.58890e+05   -6.27716e+05   -6.30222e+05
    Temperature Pressure (bar)   Constr. rmsd
    3.00411e+02    7.40670e+01    3.52959e-06

           Step           Time
          30000       60.00000

   Energies (kJ/mol)
           Bond          Angle            U-B    Proper Dih.  Improper Dih.
    3.99590e+03    1.78756e+02    1.01774e+04    6.91772e+03    6.98457e+02
      CMAP Dih.          LJ-14     Coulomb-14        LJ (SR)   Coulomb (SR)
   -1.63127e+03    3.53228e+03    5.73932e+04    1.09223e+05   -9.82443e+05
   Coul. recip.      Potential    Kinetic En.   Total Energy  Conserved En.
    2.97757e+03   -7.88980e+05    1.58408e+05   -6.30572e+05   -6.30178e+05
    Temperature Pressure (bar)   Constr. rmsd
    2.99500e+02   -2.77062e+01    3.51139e-06

           Step           Time
          30500       61.00000

   Energies (kJ/mol)
           Bond          Angle            U-B    Proper Dih.  Improper Dih.
    3.73696e+03    1.88230e+02    1.03524e+04    6.85699e+03    6.70094e+02
      CMAP Dih.          LJ-14     Coulomb-14        LJ (SR)   Coulomb (SR)
   -1.60725e+03    3.57866e+03    5.74131e+04    1.08448e+05   -9.82340e+05
   Coul. recip.      Potential    Kinetic En.   Total Energy  Conserved En.
    2.89384e+03   -7.89809e+05    1.57609e+05   -6.32200e+05   -6.30174e+05
    Temperature Pressure (bar)   Constr. rmsd
    2.97990e+02   -4.71493e+01    3.49836e-06

           Step           Time
          31000       62.00000

   Energies (kJ/mol)
           Bond          Angle            U-B    Proper Dih.  Improper Dih.
    3.86467e+03    2.00809e+02    1.02776e+04    6.84424e+03    6.29889e+02
      CMAP Dih.          LJ-14     Coulomb-14        LJ (SR)   Coulomb (SR)
   -1.70596e+03    3.57619e+03    5.73540e+04    1.09111e+05   -9.82790e+05
   Coul. recip.      Potential    Kinetic En.   Total Energy  Conserved En.
    3.00301e+03   -7.89634e+05    1.58421e+05   -6.31213e+05   -6.30169e+05
    Temperature Pressure (bar)   Constr. rmsd
    2.99525e+02   -3.22390e+01    3.63214e-06

           Step           Time
          31500       63.00000

   Energies (kJ/mol)
           Bond          Angle            U-B    Proper Dih.  Improper Dih.
    4.00193e+03    2.21953e+02    1.01960e+04    6.84890e+03    6.58048e+02
      CMAP Dih.          LJ-14     Coulomb-14        LJ (SR)   Coulomb (SR)
   -1.61243e+03    3.61045e+03    5.71221e+04    1.07852e+05   -9.81201e+05
   Coul. recip.      Potential    Kinetic En.   Total Energy  Conserved En.
    2.90114e+03   -7.89400e+05    1.58863e+05   -6.30538e+05   -6.30150e+05
    Temperature Pressure (bar)   Constr. rmsd
    3.00360e+02   -1.83709e+02    3.54239e-06

           Step           Time
          32000       64.00000

   Energies (kJ/mol)
           Bond          Angle            U-B    Proper Dih.  Improper Dih.
    3.61660e+03    2.05898e+02    1.04806e+04    6.89183e+03    6.18774e+02
      CMAP Dih.          LJ-14     Coulomb-14        LJ (SR)   Coulomb (SR)
   -1.62978e+03    3.68223e+03    5.71094e+04    1.08885e+05   -9.80712e+05
   Coul. recip.      Potential    Kinetic En.   Total Energy  Conserved En.
    2.93582e+03   -7.87916e+05    1.59134e+05   -6.28782e+05   -6.30148e+05
    Temperature Pressure (bar)   Constr. rmsd
    3.00872e+02    1.15504e+02    3.59845e-06

           Step           Time
          32500       65.00000

   Energies (kJ/mol)
           Bond          Angle            U-B    Proper Dih.  Improper Dih.
    3.73413e+03    1.85855e+02    1.07515e+04    7.00296e+03    6.36104e+02
      CMAP Dih.          LJ-14     Coulomb-14        LJ (SR)   Coulomb (SR)
   -1.65771e+03    3.65994e+03    5.70771e+04    1.09017e+05   -9.82663e+05
   Coul. recip.      Potential    Kinetic En.   Total Energy  Conserved En.
    2.92126e+03   -7.89335e+05    1.59469e+05   -6.29866e+05   -6.30120e+05
    Temperature Pressure (bar)   Constr. rmsd
    3.01506e+02   -7.79110e+00    3.65173e-06

           Step           Time
          33000       66.00000

   Energies (kJ/mol)
           Bond          Angle            U-B    Proper Dih.  Improper Dih.
    3.74401e+03    1.78421e+02    1.04101e+04    6.91080e+03    6.84046e+02
      CMAP Dih.          LJ-14     Coulomb-14        LJ (SR)   Coulomb (SR)
   -1.70860e+03    3.60480e+03    5.74158e+04    1.08032e+05   -9.81226e+05
   Coul. recip.      Potential    Kinetic En.   Total Energy  Conserved En.
    2.98025e+03   -7.88975e+05    1.57822e+05   -6.31153e+05   -6.30114e+05
    Temperature Pressure (bar)   Constr. rmsd
    2.98392e+02   -2.99199e+01    3.43749e-06

           Step           Time
          33500       67.00000

   Energies (kJ/mol)
           Bond          Angle            U-B    Proper Dih.  Improper Dih.
    4.08792e+03    2.06252e+02    1.03105e+04    6.79086e+03    6.57500e+02
      CMAP Dih.          LJ-14     Coulomb-14        LJ (SR)   Coulomb (SR)
   -1.64086e+03    3.53521e+03    5.68667e+04    1.08638e+05   -9.81987e+05
   Coul. recip.      Potential    Kinetic En.   Total Energy  Conserved En.
    2.99937e+03   -7.89536e+05    1.58057e+05   -6.31479e+05   -6.30089e+05
    Temperature Pressure (bar)   Constr. rmsd
    2.98837e+02   -7.19090e+01    3.40387e-06

           Step           Time
          34000       68.00000

   Energies (kJ/mol)
           Bond          Angle            U-B    Proper Dih.  Improper Dih.
    3.85627e+03    2.12439e+02    1.06499e+04    6.66917e+03    6.68518e+02
      CMAP Dih.          LJ-14     Coulomb-14        LJ (SR)   Coulomb (SR)
   -1.65774e+03    3.54348e+03    5.71809e+04    1.10794e+05   -9.84232e+05
   Coul. recip.      Potential    Kinetic En.   Total Energy  Conserved En.
    2.98275e+03   -7.89332e+05    1.59047e+05   -6.30285e+05   -6.30054e+05
    Temperature Pressure (bar)   Constr. rmsd
    3.00708e+02    1.20526e+02    3.35693e-06

           Step           Time
          34500       69.00000

   Energies (kJ/mol)
           Bond          Angle            U-B    Proper Dih.  Improper Dih.
    3.86685e+03    2.06533e+02    1.05661e+04    6.75726e+03    6.16982e+02
      CMAP Dih.          LJ-14     Coulomb-14        LJ (SR)   Coulomb (SR)
   -1.67391e+03    3.46805e+03    5.69562e+04    1.09308e+05   -9.83577e+05
   Coul. recip.      Potential    Kinetic En.   Total Energy  Conserved En.
    2.87939e+03   -7.90626e+05    1.58867e+05   -6.31759e+05   -6.30089e+05
    Temperature Pressure (bar)   Constr. rmsd
    3.00367e+02   -5.28850e+01    3.36573e-06

           Step           Time
          35000       70.00000

   Energies (kJ/mol)
           Bond          Angle            U-B    Proper Dih.  Improper Dih.
    3.86481e+03    2.03205e+02    1.02379e+04    6.81366e+03    6.82762e+02
      CMAP Dih.          LJ-14     Coulomb-14        LJ (SR)   Coulomb (SR)
   -1.65759e+03    3.55036e+03    5.72781e+04    1.09832e+05   -9.82791e+05
   Coul. recip.      Potential    Kinetic En.   Total Energy  Conserved En.
    3.04131e+03   -7.88945e+05    1.59783e+05   -6.29162e+05   -6.30103e+05
    Temperature Pressure (bar)   Constr. rmsd
    3.02099e+02    6.08244e+01    3.47887e-06

           Step           Time
          35500       71.00000

   Energies (kJ/mol)
           Bond          Angle            U-B    Proper Dih.  Improper Dih.
    3.74013e+03    2.02759e+02    1.04334e+04    6.95839e+03    6.89418e+02
      CMAP Dih.          LJ-14     Coulomb-14        LJ (SR)   Coulomb (SR)
   -1.60840e+03    3.63022e+03    5.69511e+04    1.09831e+05   -9.84240e+05
   Coul. recip.      Potential    Kinetic En.   Total Energy  Conserved En.
    2.91614e+03   -7.90496e+05    1.58145e+05   -6.32351e+05   -6.30054e+05
    Temperature Pressure (bar)   Constr. rmsd
    2.99003e+02    2.01311e+01    3.40447e-06

           Step           Time
          36000       72.00000

   Energies (kJ/mol)
           Bond          Angle            U-B    Proper Dih.  Improper Dih.
    3.86857e+03    2.20531e+02    1.04748e+04    6.92108e+03    6.95877e+02
      CMAP Dih.          LJ-14     Coulomb-14        LJ (SR)   Coulomb (SR)
   -1.70706e+03    3.61579e+03    5.72323e+04    1.09222e+05   -9.82311e+05
   Coul. recip.      Potential    Kinetic En.   Total Energy  Conserved En.
    2.96192e+03   -7.88805e+05    1.57235e+05   -6.31570e+05   -6.30028e+05
    Temperature Pressure (bar)   Constr. rmsd
    2.97282e+02    6.82562e+00    3.44849e-06

           Step           Time
          36500       73.00000

   Energies (kJ/mol)
           Bond          Angle            U-B    Proper Dih.  Improper Dih.
    3.84448e+03    2.13601e+02    1.05544e+04    6.81200e+03    6.39858e+02
      CMAP Dih.          LJ-14     Coulomb-14        LJ (SR)   Coulomb (SR)
   -1.64329e+03    3.60389e+03    5.68592e+04    1.08422e+05   -9.81312e+05
   Coul. recip.      Potential    Kinetic En.   Total Energy  Conserved En.
    2.96364e+03   -7.89042e+05    1.58754e+05   -6.30288e+05   -6.30030e+05
    Temperature Pressure (bar)   Constr. rmsd
    3.00155e+02   -1.81887e+01    3.53415e-06

           Step           Time
          37000       74.00000

   Energies (kJ/mol)
           Bond          Angle            U-B    Proper Dih.  Improper Dih.
    3.90979e+03    2.29059e+02    1.06497e+04    6.92773e+03    6.30585e+02
      CMAP Dih.          LJ-14     Coulomb-14        LJ (SR)   Coulomb (SR)
   -1.54765e+03    3.58970e+03    5.71743e+04    1.09760e+05   -9.81377e+05
   Coul. recip.      Potential    Kinetic En.   Total Energy  Conserved En.
    2.95545e+03   -7.87098e+05    1.59653e+05   -6.27444e+05   -6.30024e+05
    Temperature Pressure (bar)   Constr. rmsd
    3.01855e+02    5.87117e+01    3.49759e-06

           Step           Time
          37500       75.00000

   Energies (kJ/mol)
           Bond          Angle            U-B    Proper Dih.  Improper Dih.
    3.81341e+03    2.07826e+02    1.02325e+04    6.87761e+03    6.39285e+02
      CMAP Dih.          LJ-14     Coulomb-14        LJ (SR)   Coulomb (SR)
   -1.66965e+03    3.60610e+03    5.71448e+04    1.08015e+05   -9.81820e+05
   Coul. recip.      Potential    Kinetic En.   Total Energy  Conserved En.
    2.92036e+03   -7.90033e+05    1.58885e+05   -6.31147e+05   -6.30016e+05
    Temperature Pressure (bar)   Constr. rmsd
    3.00402e+02   -5.01732e+01    3.49389e-06

           Step           Time
          38000       76.00000

   Energies (kJ/mol)
           Bond          Angle            U-B    Proper Dih.  Improper Dih.
    3.76483e+03    2.03647e+02    1.06427e+04    6.74801e+03    6.16715e+02
      CMAP Dih.          LJ-14     Coulomb-14        LJ (SR)   Coulomb (SR)
   -1.73051e+03    3.49476e+03    5.71858e+04    1.11604e+05   -9.85172e+05
   Coul. recip.      Potential    Kinetic En.   Total Energy  Conserved En.
    3.00698e+03   -7.89635e+05    1.57649e+05   -6.31986e+05   -6.29955e+05
    Temperature Pressure (bar)   Constr. rmsd
    2.98065e+02    1.62702e+02    3.42647e-06

           Step           Time
          38500       77.00000

   Energies (kJ/mol)
           Bond          Angle            U-B    Proper Dih.  Improper Dih.
    4.10404e+03    2.24657e+02    1.08541e+04    6.91024e+03    6.48584e+02
      CMAP Dih.          LJ-14     Coulomb-14        LJ (SR)   Coulomb (SR)
   -1.67429e+03    3.46693e+03    5.71296e+04    1.08654e+05   -9.81425e+05
   Coul. recip.      Potential    Kinetic En.   Total Energy  Conserved En.
    3.03281e+03   -7.88074e+05    1.59452e+05   -6.28622e+05   -6.29939e+05
    Temperature Pressure (bar)   Constr. rmsd
    3.01473e+02   -4.42477e+01    3.42373e-06

           Step           Time
          39000       78.00000

   Energies (kJ/mol)
           Bond          Angle            U-B    Proper Dih.  Improper Dih.
    4.10867e+03    2.43859e+02    1.05320e+04    6.83225e+03    6.44548e+02
      CMAP Dih.          LJ-14     Coulomb-14        LJ (SR)   Coulomb (SR)
   -1.62011e+03    3.48508e+03    5.70001e+04    1.09503e+05   -9.83429e+05
   Coul. recip.      Potential    Kinetic En.   Total Energy  Conserved En.
    2.94927e+03   -7.89750e+05    1.60125e+05   -6.29625e+05   -6.29939e+05
    Temperature Pressure (bar)   Constr. rmsd
    3.02747e+02   -1.02664e+02    3.41824e-06

           Step           Time
          39500       79.00000

   Energies (kJ/mol)
           Bond          Angle            U-B    Proper Dih.  Improper Dih.
    3.93269e+03    2.50445e+02    1.06181e+04    6.83697e+03    5.69263e+02
      CMAP Dih.          LJ-14     Coulomb-14        LJ (SR)   Coulomb (SR)
   -1.67149e+03    3.68316e+03    5.71731e+04    1.07362e+05   -9.79858e+05
   Coul. recip.      Potential    Kinetic En.   Total Energy  Conserved En.
    3.02061e+03   -7.88083e+05    1.58756e+05   -6.29326e+05   -6.29934e+05
    Temperature Pressure (bar)   Constr. rmsd
    3.00159e+02   -8.64747e+01    3.46568e-06

           Step           Time
          40000       80.00000

   Energies (kJ/mol)
           Bond          Angle            U-B    Proper Dih.  Improper Dih.
    3.99758e+03    2.75396e+02    1.05715e+04    6.79375e+03    6.82413e+02
      CMAP Dih.          LJ-14     Coulomb-14        LJ (SR)   Coulomb (SR)
   -1.70836e+03    3.60491e+03    5.70697e+04    1.07560e+05   -9.80293e+05
   Coul. recip.      Potential    Kinetic En.   Total Energy  Conserved En.
    2.91008e+03   -7.88536e+05    1.59878e+05   -6.28658e+05   -6.29938e+05
    Temperature Pressure (bar)   Constr. rmsd
    3.02280e+02   -1.16640e+02    3.33110e-06

           Step           Time
          40500       81.00000

   Energies (kJ/mol)
           Bond          Angle            U-B    Proper Dih.  Improper Dih.
    3.84402e+03    2.59296e+02    1.02666e+04    6.80784e+03    6.16502e+02
      CMAP Dih.          LJ-14     Coulomb-14        LJ (SR)   Coulomb (SR)
   -1.75333e+03    3.54101e+03    5.69886e+04    1.09652e+05   -9.84245e+05
   Coul. recip.      Potential    Kinetic En.   Total Energy  Conserved En.
    2.86162e+03   -7.91161e+05    1.58462e+05   -6.32699e+05   -6.29962e+05
    Temperature Pressure (bar)   Constr. rmsd
    2.99602e+02    4.23782e+01    3.38319e-06

           Step           Time
          41000       82.00000

   Energies (kJ/mol)
           Bond          Angle            U-B    Proper Dih.  Improper Dih.
    4.13304e+03    2.31929e+02    1.04220e+04    6.80177e+03    6.32661e+02
      CMAP Dih.          LJ-14     Coulomb-14        LJ (SR)   Coulomb (SR)
   -1.70714e+03    3.54915e+03    5.71448e+04    1.07620e+05   -9.80417e+05
   Coul. recip.      Potential    Kinetic En.   Total Energy  Conserved En.
    2.82939e+03   -7.88760e+05    1.58997e+05   -6.29762e+05   -6.29895e+05
    Temperature Pressure (bar)   Constr. rmsd
    3.00614e+02   -2.09381e+02    3.45684e-06

           Step           Time
          41500       83.00000

   Energies (kJ/mol)
           Bond          Angle            U-B    Proper Dih.  Improper Dih.
    3.76110e+03    2.37737e+02    1.05603e+04    6.83154e+03    7.43241e+02
      CMAP Dih.          LJ-14     Coulomb-14        LJ (SR)   Coulomb (SR)
   -1.67235e+03    3.65723e+03    5.72055e+04    1.09793e+05   -9.80977e+05
   Coul. recip.      Potential    Kinetic En.   Total Energy  Conserved En.
    2.93081e+03   -7.86929e+05    1.57859e+05   -6.29070e+05   -6.29895e+05
    Temperature Pressure (bar)   Constr. rmsd
    2.98462e+02    1.48926e+02    3.64290e-06

           Step           Time
          42000       84.00000

   Energies (kJ/mol)
           Bond          Angle            U-B    Proper Dih.  Improper Dih.
    3.70238e+03    2.59032e+02    1.06826e+04    6.89308e+03    6.79495e+02
      CMAP Dih.          LJ-14     Coulomb-14        LJ (SR)   Coulomb (SR)
   -1.71439e+03    3.61448e+03    5.69382e+04    1.09705e+05   -9.83134e+05
   Coul. recip.      Potential    Kinetic En.   Total Energy  Conserved En.
    2.90547e+03   -7.89468e+05    1.58643e+05   -6.30826e+05   -6.29896e+05
    Temperature Pressure (bar)   Constr. rmsd
    2.99944e+02    8.09975e+01    3.46071e-06

           Step           Time
          42500       85.00000

   Energies (kJ/mol)
           Bond          Angle            U-B    Proper Dih.  Improper Dih.
    3.84719e+03    2.28812e+02    1.05115e+04    6.95707e+03    6.22156e+02
      CMAP Dih.          LJ-14     Coulomb-14        LJ (SR)   Coulomb (SR)
   -1.66837e+03    3.58836e+03    5.74493e+04    1.08708e+05   -9.82152e+05
   Coul. recip.      Potential    Kinetic En.   Total Energy  Conserved En.
    2.92197e+03   -7.88986e+05    1.58330e+05   -6.30656e+05   -6.29852e+05
    Temperature Pressure (bar)   Constr. rmsd
    2.99352e+02    2.26471e+01    3.55412e-06

           Step           Time
          43000       86.00000

   Energies (kJ/mol)
           Bond          Angle            U-B    Proper Dih.  Improper Dih.
    3.72684e+03    1.90491e+02    1.06990e+04    6.88882e+03    6.79759e+02
      CMAP Dih.          LJ-14     Coulomb-14        LJ (SR)   Coulomb (SR)
   -1.69154e+03    3.58312e+03    5.70947e+04    1.07530e+05   -9.80119e+05
   Coul. recip.      Potential    Kinetic En.   Total Energy  Conserved En.
    2.90683e+03   -7.88511e+05    1.57846e+05   -6.30665e+05   -6.29873e+05
    Temperature Pressure (bar)   Constr. rmsd
    2.98437e+02   -8.91174e+01    3.44455e-06

           Step           Time
          43500       87.00000

   Energies (kJ/mol)
           Bond          Angle            U-B    Proper Dih.  Improper Dih.
    3.82589e+03    1.98190e+02    1.05840e+04    6.84978e+03    6.78985e+02
      CMAP Dih.          LJ-14     Coulomb-14        LJ (SR)   Coulomb (SR)
   -1.70906e+03    3.61791e+03    5.70986e+04    1.09009e+05   -9.83035e+05
   Coul. recip.      Potential    Kinetic En.   Total Energy  Conserved En.
    2.88173e+03   -7.90000e+05    1.59331e+05   -6.30669e+05   -6.29848e+05
    Temperature Pressure (bar)   Constr. rmsd
    3.01246e+02    7.78860e+01    3.56453e-06

           Step           Time
          44000       88.00000

   Energies (kJ/mol)
           Bond          Angle            U-B    Proper Dih.  Improper Dih.
    3.88614e+03    2.02026e+02    1.02929e+04    6.72349e+03    5.96180e+02
      CMAP Dih.          LJ-14     Coulomb-14        LJ (SR)   Coulomb (SR)
   -1.64832e+03    3.61926e+03    5.74333e+04    1.08901e+05   -9.81778e+05
   Coul. recip.      Potential    Kinetic En.   Total Energy  Conserved En.
    3.04154e+03   -7.88730e+05    1.59049e+05   -6.29680e+05   -6.29838e+05
    Temperature Pressure (bar)   Constr. rmsd
    3.00713e+02    2.47560e+01    3.57546e-06

           Step           Time
          44500       89.00000

   Energies (kJ/mol)
           Bond          Angle            U-B    Proper Dih.  Improper Dih.
    3.92476e+03    2.32592e+02    1.04738e+04    6.82120e+03    6.16165e+02
      CMAP Dih.          LJ-14     Coulomb-14        LJ (SR)   Coulomb (SR)
   -1.75295e+03    3.62899e+03    5.68195e+04    1.09344e+05   -9.82610e+05
   Coul. recip.      Potential    Kinetic En.   Total Energy  Conserved En.
    2.89646e+03   -7.89605e+05    1.59397e+05   -6.30209e+05   -6.29837e+05
    Temperature Pressure (bar)   Constr. rmsd
    3.01370e+02    9.11718e-01    3.43133e-06

           Step           Time
          45000       90.00000

   Energies (kJ/mol)
           Bond          Angle            U-B    Proper Dih.  Improper Dih.
    3.94817e+03    2.07763e+02    1.06298e+04    6.78461e+03    6.09365e+02
      CMAP Dih.          LJ-14     Coulomb-14        LJ (SR)   Coulomb (SR)
   -1.67657e+03    3.46890e+03    5.67978e+04    1.10872e+05   -9.84846e+05
   Coul. recip.      Potential    Kinetic En.   Total Energy  Conserved En.
    3.03121e+03   -7.90172e+05    1.58294e+05   -6.31878e+05   -6.29820e+05
    Temperature Pressure (bar)   Constr. rmsd
    2.99285e+02    1.42688e+02    3.55272e-06

           Step           Time
          45500       91.00000

   Energies (kJ/mol)
           Bond          Angle            U-B    Proper Dih.  Improper Dih.
    3.89027e+03    2.26714e+02    1.05645e+04    6.91820e+03    6.25500e+02
      CMAP Dih.          LJ-14     Coulomb-14        LJ (SR)   Coulomb (SR)
   -1.70154e+03    3.54524e+03    5.73074e+04    1.09802e+05   -9.83276e+05
   Coul. recip.      Potential    Kinetic En.   Total Energy  Conserved En.
    2.87800e+03   -7.89220e+05    1.58990e+05   -6.30229e+05   -6.29820e+05
    Temperature Pressure (bar)   Constr. rmsd
    3.00601e+02    7.61970e+01    3.56725e-06

           Step           Time
          46000       92.00000

   Energies (kJ/mol)
           Bond          Angle            U-B    Proper Dih.  Improper Dih.
    3.99014e+03    2.33323e+02    1.05349e+04    6.85360e+03    6.52408e+02
      CMAP Dih.          LJ-14     Coulomb-14        LJ (SR)   Coulomb (SR)
   -1.75904e+03    3.55835e+03    5.70343e+04    1.09515e+05   -9.82886e+05
   Coul. recip.      Potential    Kinetic En.   Total Energy  Conserved En.
    2.95191e+03   -7.89321e+05    1.58749e+05   -6.30571e+05   -6.29777e+05
    Temperature Pressure (bar)   Constr. rmsd
    3.00145e+02   -4.74547e+01    3.32591e-06

           Step           Time
          46500       93.00000

   Energies (kJ/mol)
           Bond          Angle            U-B    Proper Dih.  Improper Dih.
    3.81382e+03    2.41989e+02    1.04851e+04    6.80762e+03    6.29647e+02
      CMAP Dih.          LJ-14     Coulomb-14        LJ (SR)   Coulomb (SR)
   -1.75582e+03    3.55583e+03    5.69931e+04    1.10087e+05   -9.83324e+05
   Coul. recip.      Potential    Kinetic En.   Total Energy  Conserved En.
    2.97317e+03   -7.89492e+05    1.57991e+05   -6.31501e+05   -6.29791e+05
    Temperature Pressure (bar)   Constr. rmsd
    2.98712e+02    8.88666e+01    3.35838e-06

           Step           Time
          47000       94.00000

   Energies (kJ/mol)
           Bond          Angle            U-B    Proper Dih.  Improper Dih.
    3.97111e+03    2.20001e+02    1.04339e+04    6.72040e+03    6.46975e+02
      CMAP Dih.          LJ-14     Coulomb-14        LJ (SR)   Coulomb (SR)
   -1.68056e+03    3.57564e+03    5.73841e+04    1.08180e+05   -9.80644e+05
   Coul. recip.      Potential    Kinetic En.   Total Energy  Conserved En.
    2.87061e+03   -7.88323e+05    1.58355e+05   -6.29967e+05   -6.29760e+05
    Temperature Pressure (bar)   Constr. rmsd
    2.99401e+02   -6.30627e+01    3.46699e-06

           Step           Time
          47500       95.00000

   Energies (kJ/mol)
           Bond          Angle            U-B    Proper Dih.  Improper Dih.
    3.98321e+03    2.53615e+02    1.05605e+04    6.92229e+03    6.52692e+02
      CMAP Dih.          LJ-14     Coulomb-14        LJ (SR)   Coulomb (SR)
   -1.70185e+03    3.51203e+03    5.70642e+04    1.07046e+05   -9.78624e+05
   Coul. recip.      Potential    Kinetic En.   Total Energy  Conserved En.
    2.91121e+03   -7.87420e+05    1.59885e+05   -6.27535e+05   -6.29775e+05
    Temperature Pressure (bar)   Constr. rmsd
    3.02293e+02   -2.24805e+02    3.42809e-06

           Step           Time
          48000       96.00000

   Energies (kJ/mol)
           Bond          Angle            U-B    Proper Dih.  Improper Dih.
    4.21167e+03    2.18949e+02    1.06421e+04    6.89336e+03    6.72294e+02
      CMAP Dih.          LJ-14     Coulomb-14        LJ (SR)   Coulomb (SR)
   -1.75831e+03    3.47001e+03    5.65904e+04    1.09004e+05   -9.82881e+05
   Coul. recip.      Potential    Kinetic En.   Total Energy  Conserved En.
    3.01809e+03   -7.89919e+05    1.59438e+05   -6.30481e+05   -6.29732e+05
    Temperature Pressure (bar)   Constr. rmsd
    3.01447e+02   -1.28481e+02    3.53233e-06

           Step           Time
          48500       97.00000

   Energies (kJ/mol)
           Bond          Angle            U-B    Proper Dih.  Improper Dih.
    3.87186e+03    2.24065e+02    1.03430e+04    7.05196e+03    7.28988e+02
      CMAP Dih.          LJ-14     Coulomb-14        LJ (SR)   Coulomb (SR)
   -1.70642e+03    3.60158e+03    5.70456e+04    1.10260e+05   -9.83073e+05
   Coul. recip.      Potential    Kinetic En.   Total Energy  Conserved En.
    2.88136e+03   -7.88771e+05    1.59040e+05   -6.29731e+05   -6.29750e+05
    Temperature Pressure (bar)   Constr. rmsd
    3.00696e+02    1.93007e+02    3.42666e-06

           Step           Time
          49000       98.00000

   Energies (kJ/mol)
           Bond          Angle            U-B    Proper Dih.  Improper Dih.
    3.87171e+03    2.36015e+02    1.05807e+04    6.82242e+03    6.36828e+02
      CMAP Dih.          LJ-14     Coulomb-14        LJ (SR)   Coulomb (SR)
   -1.74432e+03    3.54177e+03    5.71789e+04    1.08576e+05   -9.80469e+05
   Coul. recip.      Potential    Kinetic En.   Total Energy  Conserved En.
    3.00499e+03   -7.87764e+05    1.58397e+05   -6.29367e+05   -6.29721e+05
    Temperature Pressure (bar)   Constr. rmsd
    2.99480e+02   -4.16419e+01    3.25133e-06

           Step           Time
          49500       99.00000

   Energies (kJ/mol)
           Bond          Angle            U-B    Proper Dih.  Improper Dih.
    3.71941e+03    1.88748e+02    1.04955e+04    6.94793e+03    6.13400e+02
      CMAP Dih.          LJ-14     Coulomb-14        LJ (SR)   Coulomb (SR)
   -1.74099e+03    3.60881e+03    5.68021e+04    1.07276e+05   -9.78521e+05
   Coul. recip.      Potential    Kinetic En.   Total Energy  Conserved En.
    2.90310e+03   -7.87707e+05    1.57884e+05   -6.29822e+05   -6.29737e+05
    Temperature Pressure (bar)   Constr. rmsd
    2.98510e+02    4.94913e+01    3.69328e-06

           Step           Time
          50000      100.00000

Writing checkpoint, step 50000 at Sat Apr 22 14:12:27 2023


   Energies (kJ/mol)
           Bond          Angle            U-B    Proper Dih.  Improper Dih.
    3.90734e+03    2.03065e+02    1.02688e+04    6.88119e+03    6.67402e+02
      CMAP Dih.          LJ-14     Coulomb-14        LJ (SR)   Coulomb (SR)
   -1.71494e+03    3.53699e+03    5.72285e+04    1.09421e+05   -9.81441e+05
   Coul. recip.      Potential    Kinetic En.   Total Energy  Conserved En.
    3.03537e+03   -7.88007e+05    1.58063e+05   -6.29944e+05   -6.29697e+05
    Temperature Pressure (bar)   Constr. rmsd
    2.98848e+02    6.53756e+01    3.44667e-06


Energy conservation over simulation part #1 of length 100 ns, time 0 to 100 ns
  Conserved energy drift: 1.91e-04 kJ/mol/ps per atom


	<======  ###############  ==>
	<====  A V E R A G E S  ====>
	<==  ###############  ======>

	Statistics over 50001 steps using 501 frames

   Energies (kJ/mol)
           Bond          Angle            U-B    Proper Dih.  Improper Dih.
    3.87783e+03    2.10428e+02    1.04978e+04    6.86332e+03    6.51786e+02
      CMAP Dih.          LJ-14     Coulomb-14        LJ (SR)   Coulomb (SR)
   -1.67248e+03    3.56917e+03    5.71639e+04    1.09041e+05   -9.82084e+05
   Coul. recip.      Potential    Kinetic En.   Total Energy  Conserved En.
    2.94966e+03   -7.88932e+05    1.58715e+05   -6.30216e+05   -6.30300e+05
    Temperature Pressure (bar)   Constr. rmsd
    3.00081e+02   -1.91096e+00    0.00000e+00

          Box-X          Box-Y          Box-Z
    9.63027e+00    9.63027e+00    6.80964e+00

   Total Virial (kJ/mol)
    5.31175e+04   -2.66877e+01    7.03603e+00
   -2.64372e+01    5.28922e+04    3.81893e+01
    7.32053e+00    3.82121e+01    5.28150e+04

   Pressure (bar)
   -9.47955e+00    1.07537e+00    4.85951e-01
    1.06219e+00    8.48266e-01   -2.83785e+00
    4.70989e-01   -2.83905e+00    2.89841e+00

  T-Protein_LIGT-Water_and_ions
    3.00232e+02    3.00066e+02


	M E G A - F L O P S   A C C O U N T I N G

 NB=Group-cutoff nonbonded kernels    NxN=N-by-N cluster Verlet kernels
 RF=Reaction-Field  VdW=Van der Waals  QSTab=quadratic-spline table
 W3=SPC/TIP3p  W4=TIP4p (single or pairs)
 V&F=Potential and force  V=Potential only  F=Force only

 Computing:                               M-Number         M-Flops  % Flops
-----------------------------------------------------------------------------
 Pair Search distance check           17924.393416      161319.541     0.1
 NxN QSTab Elec. + LJ [F]           1308609.277536    69356291.709    60.5
 NxN QSTab Elec. + LJ [V&F]           13244.698776     1072820.601     0.9
 NxN LJ [F]                             389.445120       17525.030     0.0
 NxN LJ [V&F]                             3.963584         257.633     0.0
 NxN QSTab Elec. [F]                1090631.642992    37081475.862    32.4
 NxN QSTab Elec. [V&F]                11038.943784      452596.695     0.4
 1,4 nonbonded interactions             623.762475       56138.623     0.0
 Calc Weights                          9361.387224      337009.940     0.3
 Spread Q Bspline                    199709.594112      399419.188     0.3
 Gather F Bspline                    199709.594112     1198257.565     1.0
 3D-FFT                              471868.637184     3774949.097     3.3
 Solve PME                              204.804096       13107.462     0.0
 Shift-X                                 39.067408         234.404     0.0
 Bonds                                  123.152463        7265.995     0.0
 Angles                                   7.600152        1276.826     0.0
 Propers                                541.210824      123937.279     0.1
 Impropers                               41.650833        8663.373     0.0
 Virial                                 312.327453        5621.894     0.0
 Stop-CM                                 31.266408         312.664     0.0
 P-Coupling                             312.102408        1872.614     0.0
 Calc-Ekin                              624.204816       16853.530     0.0
 Lincs                                  117.802356        7068.141     0.0
 Lincs-Mat                              613.212264        2452.849     0.0
 Constraint-V                          3117.612351       28058.511     0.0
 Constraint-Vir                         300.034995        7200.840     0.0
 Settle                                 960.669213      355447.609     0.3
 CMAP                                    15.200304       25840.517     0.0
 Urey-Bradley                           426.108522       77977.860     0.1
-----------------------------------------------------------------------------
 Total                                               114591253.853   100.0
-----------------------------------------------------------------------------


     R E A L   C Y C L E   A N D   T I M E   A C C O U N T I N G

On 1 MPI rank, each using 16 OpenMP threads

 Computing:          Num   Num      Call    Wall time         Giga-Cycles
                     Ranks Threads  Count      (s)         total sum    %
-----------------------------------------------------------------------------
 Neighbor search        1   16        626       8.032        373.203   1.0
 Force                  1   16      50001     658.408      30591.778  78.0
 PME mesh               1   16      50001     142.111       6602.960  16.8
 NB X/F buffer ops.     1   16      99376      14.751        685.395   1.7
 Write traj.            1   16        101       0.416         19.331   0.0
 Update                 1   16      50001      12.807        595.077   1.5
 Constraints            1   16      50001       5.710        265.315   0.7
 Rest                                           1.970         91.521   0.2
-----------------------------------------------------------------------------
 Total                                        844.206      39224.580 100.0
-----------------------------------------------------------------------------
 Breakdown of PME mesh computation
-----------------------------------------------------------------------------
 PME spread             1   16      50001      73.455       3412.977   8.7
 PME gather             1   16      50001      37.203       1728.578   4.4
 PME 3D-FFT             1   16     100002      28.297       1314.776   3.4
 PME solve Elec         1   16      50001       2.887        134.135   0.3
-----------------------------------------------------------------------------

               Core t (s)   Wall t (s)        (%)
       Time:    13507.293      844.206     1600.0
                 (ns/day)    (hour/ns)
Performance:       10.235        2.345
Finished mdrun on rank 0 Sat Apr 22 14:12:27 2023

